2020-03-28 17:07:56,320 INFO org.springframework.boot.StartupInfoLogger [main] Starting DemoApplication on soneview with PID 38348 (/media/brayan/HDD-1TB/Compartida/zzProjects/Ing-Brayan-Martinez/Java-SpringBoot-Example/Java-SpringBoot-WebService/Java-SpringBoot-Rest/target/classes started by brayan in /media/brayan/HDD-1TB/Compartida/zzProjects/Ing-Brayan-Martinez/Java-SpringBoot-Example/Java-SpringBoot-WebService/Java-SpringBoot-Rest)
2020-03-28 17:07:56,344 INFO org.springframework.boot.SpringApplication [main] No active profile set, falling back to default profiles: default
2020-03-28 17:07:58,839 INFO org.springframework.context.support.PostProcessorRegistrationDelegate$BeanPostProcessorChecker [main] Bean 'org.springframework.transaction.annotation.ProxyTransactionManagementConfiguration' of type [org.springframework.transaction.annotation.ProxyTransactionManagementConfiguration] is not eligible for getting processed by all BeanPostProcessors (for example: not eligible for auto-proxying)
2020-03-28 17:07:59,441 INFO org.springframework.boot.web.embedded.tomcat.TomcatWebServer [main] Tomcat initialized with port(s): 8080 (http)
2020-03-28 17:07:59,453 INFO org.apache.juli.logging.DirectJDKLog [main] Initializing ProtocolHandler ["http-nio-8080"]
2020-03-28 17:07:59,454 INFO org.apache.juli.logging.DirectJDKLog [main] Starting service [Tomcat]
2020-03-28 17:07:59,456 INFO org.apache.juli.logging.DirectJDKLog [main] Starting Servlet engine: [Apache Tomcat/9.0.30]
2020-03-28 17:07:59,556 INFO org.apache.juli.logging.DirectJDKLog [main] Initializing Spring embedded WebApplicationContext
2020-03-28 17:07:59,557 INFO org.springframework.boot.web.servlet.context.ServletWebServerApplicationContext [main] Root WebApplicationContext: initialization completed in 3015 ms
2020-03-28 17:08:01,261 INFO org.springframework.security.web.DefaultSecurityFilterChain [main] Creating filter chain: Ant [pattern='/actuator/**'], []
2020-03-28 17:08:01,261 INFO org.springframework.security.web.DefaultSecurityFilterChain [main] Creating filter chain: Ant [pattern='/**', OPTIONS], []
2020-03-28 17:08:01,404 INFO org.springframework.security.web.DefaultSecurityFilterChain [main] Creating filter chain: any request, [org.springframework.security.web.context.request.async.WebAsyncManagerIntegrationFilter@5df2023c, org.springframework.security.web.context.SecurityContextPersistenceFilter@3f06ebe0, org.springframework.security.web.header.HeaderWriterFilter@46c662f2, org.springframework.security.web.authentication.logout.LogoutFilter@6ace919c, org.springframework.security.web.authentication.UsernamePasswordAuthenticationFilter@13234ac9, org.springframework.security.web.authentication.ui.DefaultLoginPageGeneratingFilter@48632f69, org.springframework.security.web.authentication.ui.DefaultLogoutPageGeneratingFilter@23bd047f, org.springframework.security.web.authentication.www.BasicAuthenticationFilter@4bdb04c8, org.springframework.security.web.savedrequest.RequestCacheAwareFilter@481ed95c, org.springframework.security.web.servletapi.SecurityContextHolderAwareRequestFilter@7b5833ee, org.springframework.security.web.authentication.AnonymousAuthenticationFilter@3562e7c7, org.springframework.security.web.session.SessionManagementFilter@30798137, org.springframework.security.web.access.ExceptionTranslationFilter@194b9783, org.springframework.security.web.access.intercept.FilterSecurityInterceptor@7c421952]
2020-03-28 17:08:01,477 INFO springfox.documentation.spring.web.WebMvcPropertySourcedRequestMappingHandlerMapping [main] Mapped URL path [/v2/api-docs] onto method [springfox.documentation.swagger2.web.Swagger2ControllerWebMvc#getDocumentation(String, HttpServletRequest)]
2020-03-28 17:08:01,709 INFO org.springframework.scheduling.concurrent.ExecutorConfigurationSupport [main] Initializing ExecutorService 'applicationTaskExecutor'
2020-03-28 17:08:02,518 INFO springfox.documentation.spring.web.plugins.DocumentationPluginsBootstrapper [main] Documentation plugins bootstrapped
2020-03-28 17:08:02,545 INFO springfox.documentation.spring.web.plugins.AbstractDocumentationPluginsBootstrapper [main] Found 1 custom documentation plugin(s)
2020-03-28 17:08:02,752 INFO springfox.documentation.spring.web.scanners.ApiListingReferenceScanner [main] Scanning for api listing references
2020-03-28 17:08:03,236 INFO springfox.documentation.spring.web.readers.operation.CachingOperationNameGenerator [main] Generating unique operation named: addUsingPOST_1
2020-03-28 17:08:03,279 INFO springfox.documentation.spring.web.readers.operation.CachingOperationNameGenerator [main] Generating unique operation named: getByIdUsingGET_1
2020-03-28 17:08:03,328 INFO springfox.documentation.spring.web.readers.operation.CachingOperationNameGenerator [main] Generating unique operation named: updateUsingPUT_1
2020-03-28 17:08:03,366 INFO springfox.documentation.spring.web.readers.operation.CachingOperationNameGenerator [main] Generating unique operation named: getAllUsingGET_1
2020-03-28 17:08:03,370 INFO springfox.documentation.spring.web.readers.operation.CachingOperationNameGenerator [main] Generating unique operation named: deleteUsingDELETE_1
2020-03-28 17:08:03,463 INFO org.apache.juli.logging.DirectJDKLog [main] Starting ProtocolHandler ["http-nio-8080"]
2020-03-28 17:08:03,550 INFO org.springframework.boot.web.embedded.tomcat.TomcatWebServer [main] Tomcat started on port(s): 8080 (http) with context path ''
2020-03-28 17:08:03,562 INFO org.springframework.boot.StartupInfoLogger [main] Started DemoApplication in 9.487 seconds (JVM running for 13.739)
2020-03-28 17:08:36,943 INFO org.apache.juli.logging.DirectJDKLog [http-nio-8080-exec-1] Initializing Spring DispatcherServlet 'dispatcherServlet'
2020-03-28 17:08:36,945 INFO org.springframework.web.servlet.FrameworkServlet [http-nio-8080-exec-1] Initializing Servlet 'dispatcherServlet'
2020-03-28 17:08:36,965 INFO org.springframework.web.servlet.FrameworkServlet [http-nio-8080-exec-1] Completed initialization in 19 ms
2020-03-28 17:08:36,997 WARN org.springframework.context.support.ResourceBundleMessageSource [http-nio-8080-exec-1] ResourceBundle [messages/msg] not found for MessageSource: Can't find bundle for base name messages/msg, locale es
2020-03-28 17:08:38,545 WARN org.springframework.context.support.ResourceBundleMessageSource [http-nio-8080-exec-2] ResourceBundle [messages/msg] not found for MessageSource: Can't find bundle for base name messages/msg, locale es
2020-03-28 17:08:39,618 WARN org.springframework.context.support.ResourceBundleMessageSource [http-nio-8080-exec-4] ResourceBundle [messages/msg] not found for MessageSource: Can't find bundle for base name messages/msg, locale es
2020-03-28 17:08:39,976 WARN org.springframework.context.support.ResourceBundleMessageSource [http-nio-8080-exec-5] ResourceBundle [messages/msg] not found for MessageSource: Can't find bundle for base name messages/msg, locale es
2020-03-28 17:08:41,406 WARN org.springframework.context.support.ResourceBundleMessageSource [http-nio-8080-exec-7] ResourceBundle [messages/msg] not found for MessageSource: Can't find bundle for base name messages/msg, locale es
2020-03-28 17:08:42,671 WARN org.springframework.context.support.ResourceBundleMessageSource [http-nio-8080-exec-8] ResourceBundle [messages/msg] not found for MessageSource: Can't find bundle for base name messages/msg, locale es
2020-03-28 17:08:44,983 WARN org.springframework.context.support.ResourceBundleMessageSource [http-nio-8080-exec-9] ResourceBundle [messages/msg] not found for MessageSource: Can't find bundle for base name messages/msg, locale es
2020-03-28 17:56:27,472 INFO org.springframework.scheduling.concurrent.ExecutorConfigurationSupport [SpringContextShutdownHook] Shutting down ExecutorService 'applicationTaskExecutor'
