2019-05-15 17:04:22,180 INFO org.springframework.boot.StartupInfoLogger [main] Starting DemoApplication on W10WDVAL144E55A with PID 928 (C:\sources\workspace-bmartinez\Java-SpringBoot-Example\Java-SpringBoot-WebService\Java-SpringBoot-Rest\target\classes started by bmartinez in C:\sources\workspace-bmartinez\Java-SpringBoot-Example\Java-SpringBoot-WebService\Java-SpringBoot-Rest)
2019-05-15 17:04:22,186 INFO org.springframework.boot.SpringApplication [main] No active profile set, falling back to default profiles: default
2019-05-15 17:04:22,339 INFO org.springframework.context.support.AbstractApplicationContext [main] Refreshing org.springframework.boot.web.servlet.context.AnnotationConfigServletWebServerApplicationContext@1139b2f3: startup date [Wed May 15 17:04:22 VET 2019]; root of context hierarchy
2019-05-15 17:04:24,706 INFO org.springframework.boot.web.embedded.tomcat.TomcatWebServer [main] Tomcat initialized with port(s): 8080 (http)
2019-05-15 17:04:24,726 INFO org.apache.juli.logging.DirectJDKLog [main] Initializing ProtocolHandler ["http-nio-8080"]
2019-05-15 17:04:24,726 INFO org.apache.juli.logging.DirectJDKLog [main] Starting service [Tomcat]
2019-05-15 17:04:24,726 INFO org.apache.juli.logging.DirectJDKLog [main] Starting Servlet Engine: Apache Tomcat/8.5.28
2019-05-15 17:04:24,726 INFO org.apache.juli.logging.DirectJDKLog [localhost-startStop-1] The APR based Apache Tomcat Native library which allows optimal performance in production environments was not found on the java.library.path: [C:\Program Files\Java\jdk1.8.0_201\bin;C:\Windows\Sun\Java\bin;C:\Windows\system32;C:\Windows;C:\Program Files (x86)\Common Files\Oracle\Java\javapath;C:\ProgramData\Oracle\Java\javapath;C:\Windows\system32;C:\Windows;C:\Windows\System32\Wbem;C:\Windows\System32\WindowsPowerShell\v1.0\;C:\bin\apache-maven\bin;C:\Program Files\Microsoft SQL Server\Client SDK\ODBC\110\Tools\Binn\;C:\Program Files (x86)\Microsoft SQL Server\120\Tools\Binn\ManagementStudio\;C:\Program Files (x86)\Microsoft SQL Server\120\Tools\Binn\;C:\Program Files\Microsoft SQL Server\120\Tools\Binn\;C:\Program Files (x86)\Microsoft SQL Server\120\DTS\Binn\;C:\Program Files\Microsoft SQL Server\120\DTS\Binn\;c:\Program Files (x86)\Microsoft SQL Server\100\Tools\Binn\;c:\Program Files\Microsoft SQL Server\100\Tools\Binn\;c:\Program Files\Microsoft SQL Server\100\DTS\Binn\;C:\ProgramData\chocolatey\bin;C:\Program Files\dotnet\;C:\Program Files\nodejs\;C:\Users\bmartinez\AppData\Roaming\npm\node_modules\ionic\bin;C:\Users\bmartinez\AppData\Roaming\npm\node_modules\cordova\bin\;C:\Users\bmartinez\AppData\Roaming\npm\node_modules\@angular\cli\bin\;C:\tools\php73;C:\ProgramData\ComposerSetup\bin;C:\Program Files\TortoiseSVN\bin;C:\Program Files (x86)\Subversion\bin;C:\Program Files\Java\jdk1.8.0_201\bin;C:\Program Files\Microsoft SQL Server\130\Tools\Binn\;C:\Program Files\Microsoft VS Code\bin;C:\tools\dart-sdk\bin;C:\Users\bmartinez\AppData\Local\Programs\Git\bin;C:\wamp64\bin\mysql\mysql5.7.9\bin;C:\Program Files (x86)\sbt\bin;C:\Program Files (x86)\scala\bin;C:\Program Files (x86)\Yarn\bin\;C:\Users\bmartinez\AppData\Roaming\npm\node_modules\nativescript\bin;C:\Users\bmartinez\.cargo\bin;C:\Program Files (x86)\Elm\0.19\bin;C:\Users\bmartinez\AppData\Roaming\Composer\vendor\bin;C:\Users\bmartinez\AppData\Local\Programs\Git\bin;C:\Users\bmartinez\AppData\Local\Yarn\bin;C:\Program Files\JetBrains\IntelliJ IDEA 2019.1.1\bin;;.]
2019-05-15 17:04:24,848 INFO org.apache.juli.logging.DirectJDKLog [localhost-startStop-1] Initializing Spring embedded WebApplicationContext
2019-05-15 17:04:24,848 INFO org.springframework.boot.web.servlet.context.ServletWebServerApplicationContext [localhost-startStop-1] Root WebApplicationContext: initialization completed in 2509 ms
2019-05-15 17:04:25,001 INFO org.springframework.boot.web.servlet.ServletRegistrationBean [localhost-startStop-1] Servlet dispatcherServlet mapped to [/]
2019-05-15 17:04:25,001 INFO org.springframework.boot.web.servlet.AbstractFilterRegistrationBean [localhost-startStop-1] Mapping filter: 'characterEncodingFilter' to: [/*]
2019-05-15 17:04:25,001 INFO org.springframework.boot.web.servlet.AbstractFilterRegistrationBean [localhost-startStop-1] Mapping filter: 'hiddenHttpMethodFilter' to: [/*]
2019-05-15 17:04:25,001 INFO org.springframework.boot.web.servlet.AbstractFilterRegistrationBean [localhost-startStop-1] Mapping filter: 'httpPutFormContentFilter' to: [/*]
2019-05-15 17:04:25,001 INFO org.springframework.boot.web.servlet.AbstractFilterRegistrationBean [localhost-startStop-1] Mapping filter: 'requestContextFilter' to: [/*]
2019-05-15 17:04:25,509 INFO org.springframework.web.servlet.mvc.method.annotation.RequestMappingHandlerAdapter [main] Looking for @ControllerAdvice: org.springframework.boot.web.servlet.context.AnnotationConfigServletWebServerApplicationContext@1139b2f3: startup date [Wed May 15 17:04:22 VET 2019]; root of context hierarchy
2019-05-15 17:04:25,570 INFO org.springframework.web.servlet.handler.AbstractHandlerMethodMapping$MappingRegistry [main] Mapped "{[/api/v1/children/all/by/id/{id}],methods=[GET]}" onto public com.example.domain.Children com.example.controller.ChildrenController.selectAction(java.lang.Long)
2019-05-15 17:04:25,570 INFO org.springframework.web.servlet.handler.AbstractHandlerMethodMapping$MappingRegistry [main] Mapped "{[/api/v1/children/all],methods=[GET]}" onto public java.util.List<com.example.domain.Children> com.example.controller.ChildrenController.selectAllAction()
2019-05-15 17:04:25,570 INFO org.springframework.web.servlet.handler.AbstractHandlerMethodMapping$MappingRegistry [main] Mapped "{[/api/v1/children/update],methods=[PUT]}" onto public void com.example.controller.ChildrenController.updateAction(java.lang.Integer,java.lang.String,java.lang.String,java.lang.String,java.lang.String,java.lang.String,java.lang.Integer)
2019-05-15 17:04:25,570 INFO org.springframework.web.servlet.handler.AbstractHandlerMethodMapping$MappingRegistry [main] Mapped "{[/api/v1/children/create],methods=[POST]}" onto public void com.example.controller.ChildrenController.insertAction(java.lang.String,java.lang.String,java.lang.String,java.lang.String,java.lang.String,java.lang.Integer)
2019-05-15 17:04:25,570 INFO org.springframework.web.servlet.handler.AbstractHandlerMethodMapping$MappingRegistry [main] Mapped "{[/api/v1/children/delete],methods=[DELETE]}" onto public void com.example.controller.ChildrenController.deleteAction(java.lang.Long)
2019-05-15 17:04:25,570 INFO org.springframework.web.servlet.handler.AbstractHandlerMethodMapping$MappingRegistry [main] Mapped "{[/],methods=[GET]}" onto public java.lang.String com.example.controller.HomeController.hola()
2019-05-15 17:04:25,570 INFO org.springframework.web.servlet.handler.AbstractHandlerMethodMapping$MappingRegistry [main] Mapped "{[/api/v1/person/all/by/id/{id}],methods=[GET]}" onto public com.example.domain.Person com.example.controller.PersonController.selectAction(java.lang.Long)
2019-05-15 17:04:25,570 INFO org.springframework.web.servlet.handler.AbstractHandlerMethodMapping$MappingRegistry [main] Mapped "{[/api/v1/person/all],methods=[GET]}" onto public java.util.List<com.example.domain.Person> com.example.controller.PersonController.selectAllAction()
2019-05-15 17:04:25,586 INFO org.springframework.web.servlet.handler.AbstractHandlerMethodMapping$MappingRegistry [main] Mapped "{[/api/v1/person/update],methods=[PUT]}" onto public void com.example.controller.PersonController.updateAction(java.lang.Long,java.lang.String,java.lang.String,java.lang.String,java.lang.String,java.lang.Float,java.lang.String,java.lang.String)
2019-05-15 17:04:25,586 INFO org.springframework.web.servlet.handler.AbstractHandlerMethodMapping$MappingRegistry [main] Mapped "{[/api/v1/person/create],methods=[POST]}" onto public void com.example.controller.PersonController.insertAction(java.lang.String,java.lang.String,java.lang.String,java.lang.String,java.lang.Float,java.lang.String,java.lang.String)
2019-05-15 17:04:25,587 INFO org.springframework.web.servlet.handler.AbstractHandlerMethodMapping$MappingRegistry [main] Mapped "{[/api/v1/person/delete],methods=[DELETE]}" onto public void com.example.controller.PersonController.deleteAction(java.lang.Long)
2019-05-15 17:04:25,589 INFO org.springframework.web.servlet.handler.AbstractHandlerMethodMapping$MappingRegistry [main] Mapped "{[/error]}" onto public org.springframework.http.ResponseEntity<java.util.Map<java.lang.String, java.lang.Object>> org.springframework.boot.autoconfigure.web.servlet.error.BasicErrorController.error(javax.servlet.http.HttpServletRequest)
2019-05-15 17:04:25,589 INFO org.springframework.web.servlet.handler.AbstractHandlerMethodMapping$MappingRegistry [main] Mapped "{[/error],produces=[text/html]}" onto public org.springframework.web.servlet.ModelAndView org.springframework.boot.autoconfigure.web.servlet.error.BasicErrorController.errorHtml(javax.servlet.http.HttpServletRequest,javax.servlet.http.HttpServletResponse)
2019-05-15 17:04:25,620 INFO org.springframework.web.servlet.handler.AbstractUrlHandlerMapping [main] Mapped URL path [/webjars/**] onto handler of type [class org.springframework.web.servlet.resource.ResourceHttpRequestHandler]
2019-05-15 17:04:25,620 INFO org.springframework.web.servlet.handler.AbstractUrlHandlerMapping [main] Mapped URL path [/**] onto handler of type [class org.springframework.web.servlet.resource.ResourceHttpRequestHandler]
2019-05-15 17:04:25,661 INFO org.springframework.web.servlet.handler.AbstractUrlHandlerMapping [main] Mapped URL path [/**/favicon.ico] onto handler of type [class org.springframework.web.servlet.resource.ResourceHttpRequestHandler]
2019-05-15 17:04:25,884 INFO org.springframework.jmx.export.MBeanExporter [main] Registering beans for JMX exposure on startup
2019-05-15 17:04:25,884 INFO org.springframework.jmx.export.MBeanExporter [main] Bean with name 'dataSource' has been autodetected for JMX exposure
2019-05-15 17:04:25,884 INFO org.springframework.jmx.export.MBeanExporter [main] Located MBean 'dataSource': registering with JMX server as MBean [com.zaxxer.hikari:name=dataSource,type=HikariDataSource]
2019-05-15 17:04:25,907 INFO org.apache.juli.logging.DirectJDKLog [main] Starting ProtocolHandler ["http-nio-8080"]
2019-05-15 17:04:25,951 INFO org.apache.juli.logging.DirectJDKLog [main] Using a shared selector for servlet write/read
2019-05-15 17:04:25,956 INFO org.springframework.boot.web.embedded.tomcat.TomcatWebServer [main] Tomcat started on port(s): 8080 (http) with context path ''
2019-05-15 17:04:25,956 INFO org.springframework.boot.StartupInfoLogger [main] Started DemoApplication in 4.734 seconds (JVM running for 5.57)
2019-05-15 17:38:31,860 INFO org.apache.juli.logging.DirectJDKLog [http-nio-8080-exec-1] Initializing Spring FrameworkServlet 'dispatcherServlet'
2019-05-15 17:38:31,971 INFO org.springframework.web.servlet.FrameworkServlet [http-nio-8080-exec-1] FrameworkServlet 'dispatcherServlet': initialization started
2019-05-15 17:38:32,357 INFO org.springframework.web.servlet.FrameworkServlet [http-nio-8080-exec-1] FrameworkServlet 'dispatcherServlet': initialization completed in 369 ms
2019-05-15 17:38:33,028 INFO com.example.controller.HomeController [http-nio-8080-exec-1] An INFO Message
2019-05-15 17:38:33,028 WARN com.example.controller.HomeController [http-nio-8080-exec-1] A WARN Message
2019-05-15 17:38:33,028 ERROR com.example.controller.HomeController [http-nio-8080-exec-1] An ERROR Message
