2019-05-16 17:28:10,316 INFO org.springframework.boot.StartupInfoLogger [main] Starting DemoApplication on W10WDVAL144E55A with PID 1720 (C:\sources\workspace-bmartinez\Java-SpringBoot-Example\Java-SpringBoot-WebService\Java-SpringBoot-Rest\target\classes started by bmartinez in C:\sources\workspace-bmartinez\Java-SpringBoot-Example\Java-SpringBoot-WebService\Java-SpringBoot-Rest)
2019-05-16 17:28:10,553 INFO org.springframework.boot.SpringApplication [main] No active profile set, falling back to default profiles: default
2019-05-16 17:28:11,042 INFO org.springframework.context.support.AbstractApplicationContext [main] Refreshing org.springframework.boot.web.servlet.context.AnnotationConfigServletWebServerApplicationContext@35ef1869: startup date [Thu May 16 17:28:11 VET 2019]; root of context hierarchy
2019-05-16 17:28:21,135 INFO org.springframework.boot.web.embedded.tomcat.TomcatWebServer [main] Tomcat initialized with port(s): 8080 (http)
2019-05-16 17:28:21,205 INFO org.apache.juli.logging.DirectJDKLog [main] Initializing ProtocolHandler ["http-nio-8080"]
2019-05-16 17:28:21,218 INFO org.apache.juli.logging.DirectJDKLog [main] Starting service [Tomcat]
2019-05-16 17:28:21,218 INFO org.apache.juli.logging.DirectJDKLog [main] Starting Servlet Engine: Apache Tomcat/8.5.28
2019-05-16 17:28:21,252 INFO org.apache.juli.logging.DirectJDKLog [localhost-startStop-1] The APR based Apache Tomcat Native library which allows optimal performance in production environments was not found on the java.library.path: [C:\Program Files\Java\jdk1.8.0_201\bin;C:\Windows\Sun\Java\bin;C:\Windows\system32;C:\Windows;C:\Program Files (x86)\Common Files\Oracle\Java\javapath;C:\ProgramData\Oracle\Java\javapath;C:\Windows\system32;C:\Windows;C:\Windows\System32\Wbem;C:\Windows\System32\WindowsPowerShell\v1.0\;C:\bin\apache-maven\bin;C:\Program Files\Microsoft SQL Server\Client SDK\ODBC\110\Tools\Binn\;C:\Program Files (x86)\Microsoft SQL Server\120\Tools\Binn\ManagementStudio\;C:\Program Files (x86)\Microsoft SQL Server\120\Tools\Binn\;C:\Program Files\Microsoft SQL Server\120\Tools\Binn\;C:\Program Files (x86)\Microsoft SQL Server\120\DTS\Binn\;C:\Program Files\Microsoft SQL Server\120\DTS\Binn\;c:\Program Files (x86)\Microsoft SQL Server\100\Tools\Binn\;c:\Program Files\Microsoft SQL Server\100\Tools\Binn\;c:\Program Files\Microsoft SQL Server\100\DTS\Binn\;C:\ProgramData\chocolatey\bin;C:\Program Files\dotnet\;C:\Program Files\nodejs\;C:\Users\bmartinez\AppData\Roaming\npm\node_modules\ionic\bin;C:\Users\bmartinez\AppData\Roaming\npm\node_modules\cordova\bin\;C:\Users\bmartinez\AppData\Roaming\npm\node_modules\@angular\cli\bin\;C:\tools\php73;C:\ProgramData\ComposerSetup\bin;C:\Program Files\TortoiseSVN\bin;C:\Program Files (x86)\Subversion\bin;C:\Program Files\Java\jdk1.8.0_201\bin;C:\Program Files\Microsoft SQL Server\130\Tools\Binn\;C:\Program Files\Microsoft VS Code\bin;C:\tools\dart-sdk\bin;C:\Users\bmartinez\AppData\Local\Programs\Git\bin;C:\wamp64\bin\mysql\mysql5.7.9\bin;C:\Program Files (x86)\sbt\bin;C:\Program Files (x86)\scala\bin;C:\Program Files (x86)\Yarn\bin\;C:\Users\bmartinez\AppData\Roaming\npm\node_modules\nativescript\bin;C:\Users\bmartinez\.cargo\bin;C:\Program Files (x86)\Elm\0.19\bin;C:\Users\bmartinez\AppData\Roaming\Composer\vendor\bin;C:\Users\bmartinez\AppData\Local\Programs\Git\bin;C:\Users\bmartinez\AppData\Local\Yarn\bin;C:\Program Files\JetBrains\IntelliJ IDEA 2019.1.1\bin;;.]
2019-05-16 17:28:22,120 INFO org.apache.juli.logging.DirectJDKLog [localhost-startStop-1] Initializing Spring embedded WebApplicationContext
2019-05-16 17:28:22,121 INFO org.springframework.boot.web.servlet.context.ServletWebServerApplicationContext [localhost-startStop-1] Root WebApplicationContext: initialization completed in 11079 ms
2019-05-16 17:28:22,344 INFO org.springframework.boot.web.servlet.ServletRegistrationBean [localhost-startStop-1] Servlet dispatcherServlet mapped to [/]
2019-05-16 17:28:22,351 INFO org.springframework.boot.web.servlet.AbstractFilterRegistrationBean [localhost-startStop-1] Mapping filter: 'characterEncodingFilter' to: [/*]
2019-05-16 17:28:22,352 INFO org.springframework.boot.web.servlet.AbstractFilterRegistrationBean [localhost-startStop-1] Mapping filter: 'hiddenHttpMethodFilter' to: [/*]
2019-05-16 17:28:22,352 INFO org.springframework.boot.web.servlet.AbstractFilterRegistrationBean [localhost-startStop-1] Mapping filter: 'httpPutFormContentFilter' to: [/*]
2019-05-16 17:28:22,353 INFO org.springframework.boot.web.servlet.AbstractFilterRegistrationBean [localhost-startStop-1] Mapping filter: 'requestContextFilter' to: [/*]
2019-05-16 17:28:27,111 INFO org.springframework.web.servlet.mvc.method.annotation.RequestMappingHandlerAdapter [main] Looking for @ControllerAdvice: org.springframework.boot.web.servlet.context.AnnotationConfigServletWebServerApplicationContext@35ef1869: startup date [Thu May 16 17:28:11 VET 2019]; root of context hierarchy
2019-05-16 17:28:27,676 INFO org.springframework.web.servlet.handler.AbstractHandlerMethodMapping$MappingRegistry [main] Mapped "{[/api/v1/children/all],methods=[GET]}" onto public java.util.List<com.example.domain.children.Children> com.example.infraestructure.http.ChildrenController.selectAllAction()
2019-05-16 17:28:27,679 INFO org.springframework.web.servlet.handler.AbstractHandlerMethodMapping$MappingRegistry [main] Mapped "{[/api/v1/children/all/by/id/{id}],methods=[GET]}" onto public com.example.domain.children.Children com.example.infraestructure.http.ChildrenController.selectAction(java.lang.Long)
2019-05-16 17:28:27,681 INFO org.springframework.web.servlet.handler.AbstractHandlerMethodMapping$MappingRegistry [main] Mapped "{[/api/v1/children/create],methods=[POST]}" onto public void com.example.infraestructure.http.ChildrenController.insertAction(java.lang.String,java.lang.String,java.lang.String,java.lang.String,java.lang.String,java.lang.Integer)
2019-05-16 17:28:27,682 INFO org.springframework.web.servlet.handler.AbstractHandlerMethodMapping$MappingRegistry [main] Mapped "{[/api/v1/children/update],methods=[PUT]}" onto public void com.example.infraestructure.http.ChildrenController.updateAction(java.lang.Integer,java.lang.String,java.lang.String,java.lang.String,java.lang.String,java.lang.String,java.lang.Integer)
2019-05-16 17:28:27,682 INFO org.springframework.web.servlet.handler.AbstractHandlerMethodMapping$MappingRegistry [main] Mapped "{[/api/v1/children/delete],methods=[DELETE]}" onto public void com.example.infraestructure.http.ChildrenController.deleteAction(java.lang.Long)
2019-05-16 17:28:27,684 INFO org.springframework.web.servlet.handler.AbstractHandlerMethodMapping$MappingRegistry [main] Mapped "{[/],methods=[GET]}" onto public java.lang.String com.example.infraestructure.http.HomeController.hola()
2019-05-16 17:28:27,687 INFO org.springframework.web.servlet.handler.AbstractHandlerMethodMapping$MappingRegistry [main] Mapped "{[/api/v1/person/all],methods=[GET]}" onto public java.util.List<com.example.domain.person.Person> com.example.infraestructure.http.PersonController.selectAllAction()
2019-05-16 17:28:27,687 INFO org.springframework.web.servlet.handler.AbstractHandlerMethodMapping$MappingRegistry [main] Mapped "{[/api/v1/person/all/by/id/{id}],methods=[GET]}" onto public com.example.domain.person.Person com.example.infraestructure.http.PersonController.selectAction(java.lang.Long)
2019-05-16 17:28:27,688 INFO org.springframework.web.servlet.handler.AbstractHandlerMethodMapping$MappingRegistry [main] Mapped "{[/api/v1/person/create],methods=[POST]}" onto public void com.example.infraestructure.http.PersonController.insertAction(java.lang.String,java.lang.String,java.lang.String,java.lang.String,java.lang.Float,java.lang.String,java.lang.String)
2019-05-16 17:28:27,689 INFO org.springframework.web.servlet.handler.AbstractHandlerMethodMapping$MappingRegistry [main] Mapped "{[/api/v1/person/update],methods=[PUT]}" onto public void com.example.infraestructure.http.PersonController.updateAction(java.lang.Long,java.lang.String,java.lang.String,java.lang.String,java.lang.String,java.lang.Float,java.lang.String,java.lang.String)
2019-05-16 17:28:27,690 INFO org.springframework.web.servlet.handler.AbstractHandlerMethodMapping$MappingRegistry [main] Mapped "{[/api/v1/person/delete],methods=[DELETE]}" onto public void com.example.infraestructure.http.PersonController.deleteAction(java.lang.Long)
2019-05-16 17:28:27,693 INFO org.springframework.web.servlet.handler.AbstractHandlerMethodMapping$MappingRegistry [main] Mapped "{[/error]}" onto public org.springframework.http.ResponseEntity<java.util.Map<java.lang.String, java.lang.Object>> org.springframework.boot.autoconfigure.web.servlet.error.BasicErrorController.error(javax.servlet.http.HttpServletRequest)
2019-05-16 17:28:27,694 INFO org.springframework.web.servlet.handler.AbstractHandlerMethodMapping$MappingRegistry [main] Mapped "{[/error],produces=[text/html]}" onto public org.springframework.web.servlet.ModelAndView org.springframework.boot.autoconfigure.web.servlet.error.BasicErrorController.errorHtml(javax.servlet.http.HttpServletRequest,javax.servlet.http.HttpServletResponse)
2019-05-16 17:28:27,754 INFO org.springframework.web.servlet.handler.AbstractUrlHandlerMapping [main] Mapped URL path [/webjars/**] onto handler of type [class org.springframework.web.servlet.resource.ResourceHttpRequestHandler]
2019-05-16 17:28:27,786 INFO org.springframework.web.servlet.handler.AbstractUrlHandlerMapping [main] Mapped URL path [/**] onto handler of type [class org.springframework.web.servlet.resource.ResourceHttpRequestHandler]
2019-05-16 17:28:27,886 INFO org.springframework.web.servlet.handler.AbstractUrlHandlerMapping [main] Mapped URL path [/**/favicon.ico] onto handler of type [class org.springframework.web.servlet.resource.ResourceHttpRequestHandler]
2019-05-16 17:28:28,533 INFO org.springframework.jmx.export.MBeanExporter [main] Registering beans for JMX exposure on startup
2019-05-16 17:28:28,535 INFO org.springframework.jmx.export.MBeanExporter [main] Bean with name 'dataSource' has been autodetected for JMX exposure
2019-05-16 17:28:28,541 INFO org.springframework.jmx.export.MBeanExporter [main] Located MBean 'dataSource': registering with JMX server as MBean [com.zaxxer.hikari:name=dataSource,type=HikariDataSource]
2019-05-16 17:28:28,702 INFO org.apache.juli.logging.DirectJDKLog [main] Starting ProtocolHandler ["http-nio-8080"]
2019-05-16 17:28:28,806 ERROR org.apache.juli.logging.DirectJDKLog [main] Failed to start connector [Connector[HTTP/1.1-8080]]
org.apache.catalina.LifecycleException: Failed to start component [Connector[HTTP/1.1-8080]]
	at org.apache.catalina.util.LifecycleBase.start(LifecycleBase.java:167)
	at org.apache.catalina.core.StandardService.addConnector(StandardService.java:225)
	at org.springframework.boot.web.embedded.tomcat.TomcatWebServer.addPreviouslyRemovedConnectors(TomcatWebServer.java:255)
	at org.springframework.boot.web.embedded.tomcat.TomcatWebServer.start(TomcatWebServer.java:197)
	at org.springframework.boot.web.servlet.context.ServletWebServerApplicationContext.startWebServer(ServletWebServerApplicationContext.java:300)
	at org.springframework.boot.web.servlet.context.ServletWebServerApplicationContext.finishRefresh(ServletWebServerApplicationContext.java:162)
	at org.springframework.context.support.AbstractApplicationContext.refresh(AbstractApplicationContext.java:552)
	at org.springframework.boot.web.servlet.context.ServletWebServerApplicationContext.refresh(ServletWebServerApplicationContext.java:140)
	at org.springframework.boot.SpringApplication.refresh(SpringApplication.java:752)
	at org.springframework.boot.SpringApplication.refreshContext(SpringApplication.java:388)
	at org.springframework.boot.SpringApplication.run(SpringApplication.java:327)
	at org.springframework.boot.SpringApplication.run(SpringApplication.java:1246)
	at org.springframework.boot.SpringApplication.run(SpringApplication.java:1234)
	at com.example.DemoApplication.main(DemoApplication.java:11)
Caused by: org.apache.catalina.LifecycleException: Protocol handler start failed
	at org.apache.catalina.connector.Connector.startInternal(Connector.java:1021)
	at org.apache.catalina.util.LifecycleBase.start(LifecycleBase.java:150)
	... 13 common frames omitted
Caused by: java.net.BindException: Address already in use: bind
	at sun.nio.ch.Net.bind0(Native Method)
	at sun.nio.ch.Net.bind(Net.java:433)
	at sun.nio.ch.Net.bind(Net.java:425)
	at sun.nio.ch.ServerSocketChannelImpl.bind(ServerSocketChannelImpl.java:223)
	at sun.nio.ch.ServerSocketAdaptor.bind(ServerSocketAdaptor.java:74)
	at org.apache.tomcat.util.net.NioEndpoint.bind(NioEndpoint.java:210)
	at org.apache.tomcat.util.net.AbstractEndpoint.start(AbstractEndpoint.java:1150)
	at org.apache.coyote.AbstractProtocol.start(AbstractProtocol.java:591)
	at org.apache.catalina.connector.Connector.startInternal(Connector.java:1018)
	... 14 common frames omitted
2019-05-16 17:28:28,810 INFO org.apache.juli.logging.DirectJDKLog [main] Pausing ProtocolHandler ["http-nio-8080"]
2019-05-16 17:28:28,810 INFO org.apache.juli.logging.DirectJDKLog [main] Stopping service [Tomcat]
2019-05-16 17:28:28,854 INFO org.apache.juli.logging.DirectJDKLog [main] The stop() method was called on component [StandardServer[-1]] after stop() had already been called. The second call will be ignored.
2019-05-16 17:28:28,854 INFO org.apache.juli.logging.DirectJDKLog [main] Stopping ProtocolHandler ["http-nio-8080"]
2019-05-16 17:28:28,855 INFO org.apache.juli.logging.DirectJDKLog [main] Destroying ProtocolHandler ["http-nio-8080"]
2019-05-16 17:28:28,860 INFO org.springframework.boot.autoconfigure.logging.ConditionEvaluationReportLoggingListener [main] 

Error starting ApplicationContext. To display the conditions report re-run your application with 'debug' enabled.
2019-05-16 17:28:28,866 ERROR org.springframework.boot.diagnostics.LoggingFailureAnalysisReporter [main] 

***************************
APPLICATION FAILED TO START
***************************

Description:

The Tomcat connector configured to listen on port 8080 failed to start. The port may already be in use or the connector may be misconfigured.

Action:

Verify the connector's configuration, identify and stop any process that's listening on port 8080, or configure this application to listen on another port.

2019-05-16 17:28:28,872 INFO org.springframework.context.support.AbstractApplicationContext [main] Closing org.springframework.boot.web.servlet.context.AnnotationConfigServletWebServerApplicationContext@35ef1869: startup date [Thu May 16 17:28:11 VET 2019]; root of context hierarchy
2019-05-16 17:28:28,884 INFO org.springframework.jmx.export.MBeanExporter [main] Unregistering JMX-exposed beans on shutdown
2019-05-16 17:28:28,885 INFO org.springframework.jmx.support.MBeanRegistrationSupport [main] Unregistering JMX-exposed beans
